make all --print-data-base --no-builtin-variables --no-builtin-rules --question
# GNU Make 3.81
# Copyright (C) 2006  Free Software Foundation, Inc.
# This is free software; see the source for copying conditions.
# There is NO warranty; not even for MERCHANTABILITY or FITNESS FOR A
# PARTICULAR PURPOSE.

# This program built for i386-apple-darwin11.3.0
 
make: *** No rule to make target `all'.  Stop.


 
# Make data base, printed on Tue May 17 19:34:44 2022

# Variables

# automatic
<D = $(patsubst %/,%,$(dir $<))
# environment
RUBY_VERSION = ruby-3.0.0
# automatic
?F = $(notdir $?)
# environment
ELECTRON_NO_ATTACH_CONSOLE = 1
# environment
VSCODE_LOG_NATIVE = false
# environment
MW_CLIENT_E2E_TEST_PASSWORD = EK7SvjMTK#kkdAXYnBna#Jc!aXR51b4@
# automatic
?D = $(patsubst %/,%,$(dir $?))
# environment
rvm_path = /Users/azizur/.rvm
# automatic
@D = $(patsubst %/,%,$(dir $@))
# automatic
@F = $(notdir $@)
# makefile
CURDIR := /Users/azizur/projects/azizur/sonarqube
# makefile
SHELL = /bin/sh
# environment
VSCODE_NLS_CONFIG = {"locale":"en-gb","availableLanguages":{},"_languagePackSupport":true}
# environment
_ = /usr/bin/make
# environment
VSCODE_PID = 61923
# makefile (from `Makefile', line 1)
MAKEFILE_LIST :=  Makefile
# environment
rvm_ruby_mode = 
# environment
rvm_ruby_make = 
# environment
VSCODE_VERBOSE_LOGGING = true
# environment
__CFBundleIdentifier = com.microsoft.VSCode
# environment
rvm_proxy = 
# environment
VSCODE_IPC_HOOK_EXTHOST = /var/folders/j_/76x368cj1vd95lht__48wjz40000gr/T/vscode-ipc-fc2dfb9e-78d4-426b-9cab-eb8ac1ca6ec1.sock
# environment
VSCODE_CWD = /Users/azizur/projects/azizur/sonarqube
# environment
rvm_pretty_print_flag = 
# environment
PATH = /Users/azizur/.rvm/gems/ruby-3.0.0/bin:/Users/azizur/.rvm/gems/ruby-3.0.0@global/bin:/Users/azizur/.rvm/rubies/ruby-3.0.0/bin:/usr/local/opt/openjdk/bin:/usr/local/opt/openssl@3/bin:/usr/local/opt/openjdk/bin:/Users/azizur/.nvm/versions/node/v16.14.2/bin:/usr/local/sbin:/usr/local/bin:/usr/bin:/bin:/usr/sbin:/sbin:/usr/local/MacGPG2/bin:/Library/Apple/usr/bin:/Users/azizur/.rvm/bin
# environment
LSCOLORS = Gxfxcxdxbxegedabagacad
# environment
rvm_niceness = 
# environment
NODE_ENV = development
# environment
VSCODE_IPC_HOOK = /Users/azizur/Library/Application Support/Code/1.67.1-main.sock
# environment
NVM_BIN = /Users/azizur/.nvm/versions/node/v16.14.2/bin
# environment
rvm_only_path_flag = 
# environment
rvm_gemstone_package_file = 
# environment
VSCODE_LOG_STACK = false
# environment
ELECTRON_RUN_AS_NODE = 1
# environment
rvm_alias_expanded = 
# default
.FEATURES := target-specific order-only second-expansion else-if archives jobserver check-symlink
# environment
SSH_AUTH_SOCK = /private/tmp/com.apple.launchd.fwb2FwTpom/Listeners
# automatic
%F = $(notdir $%)
# environment
VISUAL = code -w
# environment
VSCODE_PIPE_LOGGING = true
# environment
rvm_bin_path = /Users/azizur/.rvm/bin
# environment
PWD = /Users/azizur/projects/azizur/sonarqube
# environment
GEM_HOME = /Users/azizur/.rvm/gems/ruby-3.0.0
# environment
rvm_docs_type = 
# environment
ORIGINAL_XDG_CURRENT_DESKTOP = undefined
# environment
VSCODE_AMD_ENTRYPOINT = vs/workbench/api/node/extensionHostProcess
# environment
HOME = /Users/azizur
# default
MAKEFILEPATH := /Applications/Xcode.app/Contents/Developer/Makefiles
# environment
VSCODE_CLI = 1
# environment
VSCODE_CODE_CACHE_PATH = /Users/azizur/Library/Application Support/Code/CachedData/da15b6fd3ef856477bf6f4fb29ba1b7af717770d
# environment
LOGNAME = azizur
# environment
APPLICATION_INSIGHTS_NO_DIAGNOSTIC_CHANNEL = true
# environment
NVM_CD_FLAGS = -q
# environment
ZSH = /Users/azizur/.oh-my-zsh
# environment
VSCODE_HANDLES_UNCAUGHT_ERRORS = true
# automatic
^D = $(patsubst %/,%,$(dir $^))
# environment
rvm_ruby_bits = 
# environment
GEM_PATH = /Users/azizur/.rvm/gems/ruby-3.0.0:/Users/azizur/.rvm/gems/ruby-3.0.0@global
# environment
XPC_FLAGS = 0x0
# environment
COLORTERM = truecolor
# environment
rvm_ruby_make_install = 
# default
MAKE = $(MAKE_COMMAND)
# environment
LC_TERMINAL = iTerm2
# environment
IRBRC = /Users/azizur/.rvm/rubies/ruby-3.0.0/.irbrc
# environment
SHLVL = 2
# environment
rvm_quiet_flag = 
# default
MAKE_VERSION := 3.81
# environment
USER = azizur
# makefile
.DEFAULT_GOAL := up
# default
MAKECMDGOALS := all
# environment
TERM_SESSION_ID = w0t2p0:0F99CB00-63AF-4420-B54D-3D44DE6232F2
# environment
rvm_version = 1.29.12 (latest)
# environment
LESS = -R
# automatic
%D = $(patsubst %/,%,$(dir $%))
# environment
NVM_INC = /Users/azizur/.nvm/versions/node/v16.14.2/include/node
# default
MAKE_COMMAND := /Applications/Xcode.app/Contents/Developer/usr/bin/make
# environment
OLDPWD = /Users/azizur/projects/azizur/sonarqube
# environment
TERM_PROGRAM = iTerm.app
# default
.VARIABLES := 
# environment
TMPDIR = /var/folders/j_/76x368cj1vd95lht__48wjz40000gr/T/
# automatic
*F = $(notdir $*)
# environment
SONAR_SCANNER_OPTS = -Xmx512m
# makefile
MAKEFLAGS = Rrqp
# environment
MFLAGS = -Rrqp
# automatic
*D = $(patsubst %/,%,$(dir $*))
# environment
TERM_PROGRAM_VERSION = 3.5.0beta5
# environment
rvm_script_name = 
# environment
XPC_SERVICE_NAME = application.com.microsoft.VSCode.78595630.78595636.4A09E724-AC4E-4918-9EF4-490961642207
# environment
MW_CLIENT_E2E_TEST_USERNAME = impresstree@mailinator.com
# environment
LC_TERMINAL_VERSION = 3.5.0beta5
# automatic
+D = $(patsubst %/,%,$(dir $+))
# automatic
+F = $(notdir $+)
# environment
TERMINFO_DIRS = /Applications/iTerm.app/Contents/Resources/terminfo:/usr/share/terminfo
# environment
ITERM_SESSION_ID = w0t2p0:0F99CB00-63AF-4420-B54D-3D44DE6232F2
# environment
rvm_sdk = 
# environment
COLORFGBG = 7;0
# environment
__CF_USER_TEXT_ENCODING = 0x1F8:0:2
# environment
COMMAND_MODE = unix2003
# default
MAKEFILES := 
# automatic
<F = $(notdir $<)
# environment
ITERM_PROFILE = Default
# environment
REACT_EDITOR = code -w
# environment
rvm_silent_flag = 
# environment
rvm_gemstone_url = 
# environment
EDITOR = code -w
# environment
PAGER = less
# environment
LC_ALL = C
# environment
rvm_bin_flag = 
# automatic
^F = $(notdir $^)
# environment
NVM_DIR = /Users/azizur/.nvm
# environment
rvm_prefix = /Users/azizur
# default
SUFFIXES := 
# environment
rvm_ruby_file = 
# default
.INCLUDE_DIRS = /usr/local/include
# environment
SONARQUBE_AUTH_TOKEN = e016d242e0f5391cfc1d6a2e7f80580488e6fccb
# environment
MAKELEVEL := 0
# environment
GITLAB_TOKEN = ibs8cqxfWfSdi5ba6jsf
# environment
LANG = C
# environment
TERM = xterm-256color
# environment
rvm_use_flag = 
# environment
rvm_hook = 
# environment
MY_RUBY_HOME = /Users/azizur/.rvm/rubies/ruby-3.0.0
# environment
rvm_nightly_flag = 
# variable set hash-table stats:
# Load=123/1024=12%, Rehash=0, Collisions=14/147=10%

# Pattern-specific Variable Values

# No pattern-specific variable values.

# Directories

# . (device 16777225, inode 80557158): 8 files, no impossibilities.

# 8 files, no impossibilities in 1 directories.

# Implicit Rules

# No implicit rules.

# Files

# Not a target:
all:
#  Command-line target.
#  Implicit rule search has been done.
#  File does not exist.
#  File has not been updated.
# variable set hash-table stats:
# Load=0/32=0%, Rehash=0, Collisions=0/0=0%

up:
#  Implicit rule search has not been done.
#  Modification time never checked.
#  File has not been updated.
#  commands to execute (from `Makefile', line 2):
	docker compose up -d
	

# Not a target:
.SUFFIXES:
#  Implicit rule search has not been done.
#  Modification time never checked.
#  File has not been updated.

# Not a target:
Makefile:
#  Implicit rule search has been done.
#  Last modified 2022-05-17 19:34:28
#  File has been updated.
#  Successfully updated.
# variable set hash-table stats:
# Load=0/32=0%, Rehash=0, Collisions=0/0=0%

# Not a target:
.DEFAULT:
#  Implicit rule search has not been done.
#  Modification time never checked.
#  File has not been updated.

logs:
#  Implicit rule search has not been done.
#  Modification time never checked.
#  File has not been updated.
#  commands to execute (from `Makefile', line 8):
	docker-compose logs -f
	

shell:
#  Implicit rule search has not been done.
#  Modification time never checked.
#  File has not been updated.
#  commands to execute (from `Makefile', line 11):
	docker-compose exec -u 0 -T php bash
	

down:
#  Implicit rule search has not been done.
#  Modification time never checked.
#  File has not been updated.
#  commands to execute (from `Makefile', line 5):
	docker-compose down
	

# files hash-table stats:
# Load=8/1024=1%, Rehash=0, Collisions=1/20=5%
# VPATH Search Paths

# No `vpath' search paths.

 
# No general (`VPATH' variable) search path.

# # of strings in strcache: 1
# # of strcache buffers: 1
# strcache size: total = 4096 / max = 4096 / min = 4096 / avg = 4096
# strcache free: total = 4087 / max = 4087 / min = 4087 / avg = 4087

# Finished Make data base on Tue May 17 19:34:44 2022

 
